Invalid HTTP_HOST header: 'campuslink.co'. You may need to add 'campuslink.co' to ALLOWED_HOSTS.
Traceback (most recent call last):
  File "/home5/campuslink/virtualenv/campus/3.11/lib/python3.11/site-packages/django/core/handlers/exception.py", line 55, in inner
    response = get_response(request)
               ^^^^^^^^^^^^^^^^^^^^^
  File "/home5/campuslink/virtualenv/campus/3.11/lib/python3.11/site-packages/django/utils/deprecation.py", line 119, in __call__
    response = self.process_request(request)
               ^^^^^^^^^^^^^^^^^^^^^^^^^^^^^
  File "/home5/campuslink/virtualenv/campus/3.11/lib/python3.11/site-packages/django/middleware/common.py", line 48, in process_request
    host = request.get_host()
           ^^^^^^^^^^^^^^^^^^
  File "/home5/campuslink/virtualenv/campus/3.11/lib/python3.11/site-packages/django/http/request.py", line 186, in get_host
    raise DisallowedHost(msg)
django.core.exceptions.DisallowedHost: Invalid HTTP_HOST header: 'campuslink.co'. You may need to add 'campuslink.co' to ALLOWED_HOSTS.
Bad Request: /
Invalid HTTP_HOST header: 'campuslink.co'. You may need to add 'campuslink.co' to ALLOWED_HOSTS.
Traceback (most recent call last):
  File "/home5/campuslink/virtualenv/campus/3.11/lib/python3.11/site-packages/django/core/handlers/exception.py", line 55, in inner
    response = get_response(request)
               ^^^^^^^^^^^^^^^^^^^^^
  File "/home5/campuslink/virtualenv/campus/3.11/lib/python3.11/site-packages/django/utils/deprecation.py", line 119, in __call__
    response = self.process_request(request)
               ^^^^^^^^^^^^^^^^^^^^^^^^^^^^^
  File "/home5/campuslink/virtualenv/campus/3.11/lib/python3.11/site-packages/django/middleware/common.py", line 48, in process_request
    host = request.get_host()
           ^^^^^^^^^^^^^^^^^^
  File "/home5/campuslink/virtualenv/campus/3.11/lib/python3.11/site-packages/django/http/request.py", line 186, in get_host
    raise DisallowedHost(msg)
django.core.exceptions.DisallowedHost: Invalid HTTP_HOST header: 'campuslink.co'. You may need to add 'campuslink.co' to ALLOWED_HOSTS.
Bad Request: /
Invalid HTTP_HOST header: 'campuslink.co'. You may need to add 'campuslink.co' to ALLOWED_HOSTS.
Traceback (most recent call last):
  File "/home5/campuslink/virtualenv/campus/3.11/lib/python3.11/site-packages/django/core/handlers/exception.py", line 55, in inner
    response = get_response(request)
               ^^^^^^^^^^^^^^^^^^^^^
  File "/home5/campuslink/virtualenv/campus/3.11/lib/python3.11/site-packages/django/utils/deprecation.py", line 119, in __call__
    response = self.process_request(request)
               ^^^^^^^^^^^^^^^^^^^^^^^^^^^^^
  File "/home5/campuslink/virtualenv/campus/3.11/lib/python3.11/site-packages/django/middleware/common.py", line 48, in process_request
    host = request.get_host()
           ^^^^^^^^^^^^^^^^^^
  File "/home5/campuslink/virtualenv/campus/3.11/lib/python3.11/site-packages/django/http/request.py", line 186, in get_host
    raise DisallowedHost(msg)
django.core.exceptions.DisallowedHost: Invalid HTTP_HOST header: 'campuslink.co'. You may need to add 'campuslink.co' to ALLOWED_HOSTS.
Bad Request: /favicon.ico
Not Found: /favicon.ico
Not Found: /favicon.ico
Not Found: /robots.txt
Not Found: /favicon.ico
Not Found: /favicon.ico
Not Found: /favicon.png
Invalid HTTP_HOST header: 'www.campuslink.co'. You may need to add 'www.campuslink.co' to ALLOWED_HOSTS.
Traceback (most recent call last):
  File "/home5/campuslink/virtualenv/campus/3.11/lib/python3.11/site-packages/django/core/handlers/exception.py", line 55, in inner
    response = get_response(request)
               ^^^^^^^^^^^^^^^^^^^^^
  File "/home5/campuslink/virtualenv/campus/3.11/lib/python3.11/site-packages/django/utils/deprecation.py", line 119, in __call__
    response = self.process_request(request)
               ^^^^^^^^^^^^^^^^^^^^^^^^^^^^^
  File "/home5/campuslink/virtualenv/campus/3.11/lib/python3.11/site-packages/django/middleware/common.py", line 48, in process_request
    host = request.get_host()
           ^^^^^^^^^^^^^^^^^^
  File "/home5/campuslink/virtualenv/campus/3.11/lib/python3.11/site-packages/django/http/request.py", line 186, in get_host
    raise DisallowedHost(msg)
django.core.exceptions.DisallowedHost: Invalid HTTP_HOST header: 'www.campuslink.co'. You may need to add 'www.campuslink.co' to ALLOWED_HOSTS.
Bad Request: /
Not Found: /favicon.ico
Not Found: /favicon.ico
Not Found: /favicon.ico
Not Found: /favicon.png
Not Found: /favicon.ico
Not Found: /test.txt
Not Found: /test.txt
Not Found: /https:/docs.djangoproject.com/en/5.2/releases/https%3A/docs.djangoproject.com/en/5.2/releases/
Not Found: /favicon.ico
Not Found: /favicon.ico
Not Found: /.well-known/pki-validation/godaddy.html
Not Found: /.well-known/pki-validation/godaddy.html
Not Found: /.well-known/pki-validation/starfield.html
Not Found: /.well-known/pki-validation/starfield.html
Invalid HTTP_HOST header: 'www.campuslink.co'. You may need to add 'www.campuslink.co' to ALLOWED_HOSTS.
Traceback (most recent call last):
  File "/home5/campuslink/virtualenv/campus/3.11/lib/python3.11/site-packages/django/core/handlers/exception.py", line 55, in inner
    response = get_response(request)
               ^^^^^^^^^^^^^^^^^^^^^
  File "/home5/campuslink/virtualenv/campus/3.11/lib/python3.11/site-packages/django/utils/deprecation.py", line 119, in __call__
    response = self.process_request(request)
               ^^^^^^^^^^^^^^^^^^^^^^^^^^^^^
  File "/home5/campuslink/virtualenv/campus/3.11/lib/python3.11/site-packages/django/middleware/common.py", line 48, in process_request
    host = request.get_host()
           ^^^^^^^^^^^^^^^^^^
  File "/home5/campuslink/virtualenv/campus/3.11/lib/python3.11/site-packages/django/http/request.py", line 186, in get_host
    raise DisallowedHost(msg)
django.core.exceptions.DisallowedHost: Invalid HTTP_HOST header: 'www.campuslink.co'. You may need to add 'www.campuslink.co' to ALLOWED_HOSTS.
Bad Request: /.well-known/pki-validation/godaddy.html
Invalid HTTP_HOST header: 'www.campuslink.co'. You may need to add 'www.campuslink.co' to ALLOWED_HOSTS.
Traceback (most recent call last):
  File "/home5/campuslink/virtualenv/campus/3.11/lib/python3.11/site-packages/django/core/handlers/exception.py", line 55, in inner
    response = get_response(request)
               ^^^^^^^^^^^^^^^^^^^^^
  File "/home5/campuslink/virtualenv/campus/3.11/lib/python3.11/site-packages/django/utils/deprecation.py", line 119, in __call__
    response = self.process_request(request)
               ^^^^^^^^^^^^^^^^^^^^^^^^^^^^^
  File "/home5/campuslink/virtualenv/campus/3.11/lib/python3.11/site-packages/django/middleware/common.py", line 48, in process_request
    host = request.get_host()
           ^^^^^^^^^^^^^^^^^^
  File "/home5/campuslink/virtualenv/campus/3.11/lib/python3.11/site-packages/django/http/request.py", line 186, in get_host
    raise DisallowedHost(msg)
django.core.exceptions.DisallowedHost: Invalid HTTP_HOST header: 'www.campuslink.co'. You may need to add 'www.campuslink.co' to ALLOWED_HOSTS.
Bad Request: /.well-known/pki-validation/godaddy.html
Invalid HTTP_HOST header: 'www.campuslink.co'. You may need to add 'www.campuslink.co' to ALLOWED_HOSTS.
Traceback (most recent call last):
  File "/home5/campuslink/virtualenv/campus/3.11/lib/python3.11/site-packages/django/core/handlers/exception.py", line 55, in inner
    response = get_response(request)
               ^^^^^^^^^^^^^^^^^^^^^
  File "/home5/campuslink/virtualenv/campus/3.11/lib/python3.11/site-packages/django/utils/deprecation.py", line 119, in __call__
    response = self.process_request(request)
               ^^^^^^^^^^^^^^^^^^^^^^^^^^^^^
  File "/home5/campuslink/virtualenv/campus/3.11/lib/python3.11/site-packages/django/middleware/common.py", line 48, in process_request
    host = request.get_host()
           ^^^^^^^^^^^^^^^^^^
  File "/home5/campuslink/virtualenv/campus/3.11/lib/python3.11/site-packages/django/http/request.py", line 186, in get_host
    raise DisallowedHost(msg)
django.core.exceptions.DisallowedHost: Invalid HTTP_HOST header: 'www.campuslink.co'. You may need to add 'www.campuslink.co' to ALLOWED_HOSTS.
Bad Request: /.well-known/pki-validation/starfield.html
Invalid HTTP_HOST header: 'www.campuslink.co'. You may need to add 'www.campuslink.co' to ALLOWED_HOSTS.
Traceback (most recent call last):
  File "/home5/campuslink/virtualenv/campus/3.11/lib/python3.11/site-packages/django/core/handlers/exception.py", line 55, in inner
    response = get_response(request)
               ^^^^^^^^^^^^^^^^^^^^^
  File "/home5/campuslink/virtualenv/campus/3.11/lib/python3.11/site-packages/django/utils/deprecation.py", line 119, in __call__
    response = self.process_request(request)
               ^^^^^^^^^^^^^^^^^^^^^^^^^^^^^
  File "/home5/campuslink/virtualenv/campus/3.11/lib/python3.11/site-packages/django/middleware/common.py", line 48, in process_request
    host = request.get_host()
           ^^^^^^^^^^^^^^^^^^
  File "/home5/campuslink/virtualenv/campus/3.11/lib/python3.11/site-packages/django/http/request.py", line 186, in get_host
    raise DisallowedHost(msg)
django.core.exceptions.DisallowedHost: Invalid HTTP_HOST header: 'www.campuslink.co'. You may need to add 'www.campuslink.co' to ALLOWED_HOSTS.
Bad Request: /.well-known/pki-validation/starfield.html
Not Found: /robots.txt
Not Found: /index.html
Not Found: /favicon.ico
Invalid HTTP_HOST header: 'www.campuslink.co'. You may need to add 'www.campuslink.co' to ALLOWED_HOSTS.
Traceback (most recent call last):
  File "/home5/campuslink/virtualenv/campus/3.11/lib/python3.11/site-packages/django/core/handlers/exception.py", line 55, in inner
    response = get_response(request)
               ^^^^^^^^^^^^^^^^^^^^^
  File "/home5/campuslink/virtualenv/campus/3.11/lib/python3.11/site-packages/django/utils/deprecation.py", line 119, in __call__
    response = self.process_request(request)
               ^^^^^^^^^^^^^^^^^^^^^^^^^^^^^
  File "/home5/campuslink/virtualenv/campus/3.11/lib/python3.11/site-packages/django/middleware/common.py", line 48, in process_request
    host = request.get_host()
           ^^^^^^^^^^^^^^^^^^
  File "/home5/campuslink/virtualenv/campus/3.11/lib/python3.11/site-packages/django/http/request.py", line 186, in get_host
    raise DisallowedHost(msg)
django.core.exceptions.DisallowedHost: Invalid HTTP_HOST header: 'www.campuslink.co'. You may need to add 'www.campuslink.co' to ALLOWED_HOSTS.
Bad Request: /robots.txt
Invalid HTTP_HOST header: 'www.campuslink.co'. You may need to add 'www.campuslink.co' to ALLOWED_HOSTS.
Traceback (most recent call last):
  File "/home5/campuslink/virtualenv/campus/3.11/lib/python3.11/site-packages/django/core/handlers/exception.py", line 55, in inner
    response = get_response(request)
               ^^^^^^^^^^^^^^^^^^^^^
  File "/home5/campuslink/virtualenv/campus/3.11/lib/python3.11/site-packages/django/utils/deprecation.py", line 119, in __call__
    response = self.process_request(request)
               ^^^^^^^^^^^^^^^^^^^^^^^^^^^^^
  File "/home5/campuslink/virtualenv/campus/3.11/lib/python3.11/site-packages/django/middleware/common.py", line 48, in process_request
    host = request.get_host()
           ^^^^^^^^^^^^^^^^^^
  File "/home5/campuslink/virtualenv/campus/3.11/lib/python3.11/site-packages/django/http/request.py", line 186, in get_host
    raise DisallowedHost(msg)
django.core.exceptions.DisallowedHost: Invalid HTTP_HOST header: 'www.campuslink.co'. You may need to add 'www.campuslink.co' to ALLOWED_HOSTS.
Bad Request: /
Not Found: /.well-known/pki-validation/godaddy.html
Not Found: /.well-known/pki-validation/godaddy.html
Not Found: /.well-known/pki-validation/starfield.html
Not Found: /.well-known/pki-validation/starfield.html
Invalid HTTP_HOST header: 'www.campuslink.co'. You may need to add 'www.campuslink.co' to ALLOWED_HOSTS.
Traceback (most recent call last):
  File "/home5/campuslink/virtualenv/campus/3.11/lib/python3.11/site-packages/django/core/handlers/exception.py", line 55, in inner
    response = get_response(request)
               ^^^^^^^^^^^^^^^^^^^^^
  File "/home5/campuslink/virtualenv/campus/3.11/lib/python3.11/site-packages/django/utils/deprecation.py", line 119, in __call__
    response = self.process_request(request)
               ^^^^^^^^^^^^^^^^^^^^^^^^^^^^^
  File "/home5/campuslink/virtualenv/campus/3.11/lib/python3.11/site-packages/django/middleware/common.py", line 48, in process_request
    host = request.get_host()
           ^^^^^^^^^^^^^^^^^^
  File "/home5/campuslink/virtualenv/campus/3.11/lib/python3.11/site-packages/django/http/request.py", line 186, in get_host
    raise DisallowedHost(msg)
django.core.exceptions.DisallowedHost: Invalid HTTP_HOST header: 'www.campuslink.co'. You may need to add 'www.campuslink.co' to ALLOWED_HOSTS.
Bad Request: /.well-known/pki-validation/godaddy.html
Invalid HTTP_HOST header: 'www.campuslink.co'. You may need to add 'www.campuslink.co' to ALLOWED_HOSTS.
Traceback (most recent call last):
  File "/home5/campuslink/virtualenv/campus/3.11/lib/python3.11/site-packages/django/core/handlers/exception.py", line 55, in inner
    response = get_response(request)
               ^^^^^^^^^^^^^^^^^^^^^
  File "/home5/campuslink/virtualenv/campus/3.11/lib/python3.11/site-packages/django/utils/deprecation.py", line 119, in __call__
    response = self.process_request(request)
               ^^^^^^^^^^^^^^^^^^^^^^^^^^^^^
  File "/home5/campuslink/virtualenv/campus/3.11/lib/python3.11/site-packages/django/middleware/common.py", line 48, in process_request
    host = request.get_host()
           ^^^^^^^^^^^^^^^^^^
  File "/home5/campuslink/virtualenv/campus/3.11/lib/python3.11/site-packages/django/http/request.py", line 186, in get_host
    raise DisallowedHost(msg)
django.core.exceptions.DisallowedHost: Invalid HTTP_HOST header: 'www.campuslink.co'. You may need to add 'www.campuslink.co' to ALLOWED_HOSTS.
Bad Request: /.well-known/pki-validation/godaddy.html
Invalid HTTP_HOST header: 'www.campuslink.co'. You may need to add 'www.campuslink.co' to ALLOWED_HOSTS.
Traceback (most recent call last):
  File "/home5/campuslink/virtualenv/campus/3.11/lib/python3.11/site-packages/django/core/handlers/exception.py", line 55, in inner
    response = get_response(request)
               ^^^^^^^^^^^^^^^^^^^^^
  File "/home5/campuslink/virtualenv/campus/3.11/lib/python3.11/site-packages/django/utils/deprecation.py", line 119, in __call__
    response = self.process_request(request)
               ^^^^^^^^^^^^^^^^^^^^^^^^^^^^^
  File "/home5/campuslink/virtualenv/campus/3.11/lib/python3.11/site-packages/django/middleware/common.py", line 48, in process_request
    host = request.get_host()
           ^^^^^^^^^^^^^^^^^^
  File "/home5/campuslink/virtualenv/campus/3.11/lib/python3.11/site-packages/django/http/request.py", line 186, in get_host
    raise DisallowedHost(msg)
django.core.exceptions.DisallowedHost: Invalid HTTP_HOST header: 'www.campuslink.co'. You may need to add 'www.campuslink.co' to ALLOWED_HOSTS.
Bad Request: /.well-known/pki-validation/starfield.html
Invalid HTTP_HOST header: 'www.campuslink.co'. You may need to add 'www.campuslink.co' to ALLOWED_HOSTS.
Traceback (most recent call last):
  File "/home5/campuslink/virtualenv/campus/3.11/lib/python3.11/site-packages/django/core/handlers/exception.py", line 55, in inner
    response = get_response(request)
               ^^^^^^^^^^^^^^^^^^^^^
  File "/home5/campuslink/virtualenv/campus/3.11/lib/python3.11/site-packages/django/utils/deprecation.py", line 119, in __call__
    response = self.process_request(request)
               ^^^^^^^^^^^^^^^^^^^^^^^^^^^^^
  File "/home5/campuslink/virtualenv/campus/3.11/lib/python3.11/site-packages/django/middleware/common.py", line 48, in process_request
    host = request.get_host()
           ^^^^^^^^^^^^^^^^^^
  File "/home5/campuslink/virtualenv/campus/3.11/lib/python3.11/site-packages/django/http/request.py", line 186, in get_host
    raise DisallowedHost(msg)
django.core.exceptions.DisallowedHost: Invalid HTTP_HOST header: 'www.campuslink.co'. You may need to add 'www.campuslink.co' to ALLOWED_HOSTS.
Bad Request: /.well-known/pki-validation/starfield.html
Not Found: /favicon.ico
Not Found: /favicon.ico
Not Found: /robots.txt
Not Found: /favicon.ico
Not Found: /favicon.ico
Not Found: /favicon.ico
Not Found: /wordpress/
Not Found: /.well-known/pki-validation/godaddy.html
Not Found: /.well-known/pki-validation/godaddy.html
Not Found: /.well-known/pki-validation/starfield.html
Not Found: /.well-known/pki-validation/starfield.html
Invalid HTTP_HOST header: 'www.campuslink.co'. You may need to add 'www.campuslink.co' to ALLOWED_HOSTS.
Traceback (most recent call last):
  File "/home5/campuslink/virtualenv/campus/3.11/lib/python3.11/site-packages/django/core/handlers/exception.py", line 55, in inner
    response = get_response(request)
               ^^^^^^^^^^^^^^^^^^^^^
  File "/home5/campuslink/virtualenv/campus/3.11/lib/python3.11/site-packages/django/utils/deprecation.py", line 119, in __call__
    response = self.process_request(request)
               ^^^^^^^^^^^^^^^^^^^^^^^^^^^^^
  File "/home5/campuslink/virtualenv/campus/3.11/lib/python3.11/site-packages/django/middleware/common.py", line 48, in process_request
    host = request.get_host()
           ^^^^^^^^^^^^^^^^^^
  File "/home5/campuslink/virtualenv/campus/3.11/lib/python3.11/site-packages/django/http/request.py", line 186, in get_host
    raise DisallowedHost(msg)
django.core.exceptions.DisallowedHost: Invalid HTTP_HOST header: 'www.campuslink.co'. You may need to add 'www.campuslink.co' to ALLOWED_HOSTS.
Bad Request: /.well-known/pki-validation/godaddy.html
Invalid HTTP_HOST header: 'www.campuslink.co'. You may need to add 'www.campuslink.co' to ALLOWED_HOSTS.
Traceback (most recent call last):
  File "/home5/campuslink/virtualenv/campus/3.11/lib/python3.11/site-packages/django/core/handlers/exception.py", line 55, in inner
    response = get_response(request)
               ^^^^^^^^^^^^^^^^^^^^^
  File "/home5/campuslink/virtualenv/campus/3.11/lib/python3.11/site-packages/django/utils/deprecation.py", line 119, in __call__
    response = self.process_request(request)
               ^^^^^^^^^^^^^^^^^^^^^^^^^^^^^
  File "/home5/campuslink/virtualenv/campus/3.11/lib/python3.11/site-packages/django/middleware/common.py", line 48, in process_request
    host = request.get_host()
           ^^^^^^^^^^^^^^^^^^
  File "/home5/campuslink/virtualenv/campus/3.11/lib/python3.11/site-packages/django/http/request.py", line 186, in get_host
    raise DisallowedHost(msg)
django.core.exceptions.DisallowedHost: Invalid HTTP_HOST header: 'www.campuslink.co'. You may need to add 'www.campuslink.co' to ALLOWED_HOSTS.
Bad Request: /.well-known/pki-validation/godaddy.html
Invalid HTTP_HOST header: 'www.campuslink.co'. You may need to add 'www.campuslink.co' to ALLOWED_HOSTS.
Traceback (most recent call last):
  File "/home5/campuslink/virtualenv/campus/3.11/lib/python3.11/site-packages/django/core/handlers/exception.py", line 55, in inner
    response = get_response(request)
               ^^^^^^^^^^^^^^^^^^^^^
  File "/home5/campuslink/virtualenv/campus/3.11/lib/python3.11/site-packages/django/utils/deprecation.py", line 119, in __call__
    response = self.process_request(request)
               ^^^^^^^^^^^^^^^^^^^^^^^^^^^^^
  File "/home5/campuslink/virtualenv/campus/3.11/lib/python3.11/site-packages/django/middleware/common.py", line 48, in process_request
    host = request.get_host()
           ^^^^^^^^^^^^^^^^^^
  File "/home5/campuslink/virtualenv/campus/3.11/lib/python3.11/site-packages/django/http/request.py", line 186, in get_host
    raise DisallowedHost(msg)
django.core.exceptions.DisallowedHost: Invalid HTTP_HOST header: 'www.campuslink.co'. You may need to add 'www.campuslink.co' to ALLOWED_HOSTS.
Bad Request: /.well-known/pki-validation/starfield.html
Invalid HTTP_HOST header: 'www.campuslink.co'. You may need to add 'www.campuslink.co' to ALLOWED_HOSTS.
Traceback (most recent call last):
  File "/home5/campuslink/virtualenv/campus/3.11/lib/python3.11/site-packages/django/core/handlers/exception.py", line 55, in inner
    response = get_response(request)
               ^^^^^^^^^^^^^^^^^^^^^
  File "/home5/campuslink/virtualenv/campus/3.11/lib/python3.11/site-packages/django/utils/deprecation.py", line 119, in __call__
    response = self.process_request(request)
               ^^^^^^^^^^^^^^^^^^^^^^^^^^^^^
  File "/home5/campuslink/virtualenv/campus/3.11/lib/python3.11/site-packages/django/middleware/common.py", line 48, in process_request
    host = request.get_host()
           ^^^^^^^^^^^^^^^^^^
  File "/home5/campuslink/virtualenv/campus/3.11/lib/python3.11/site-packages/django/http/request.py", line 186, in get_host
    raise DisallowedHost(msg)
django.core.exceptions.DisallowedHost: Invalid HTTP_HOST header: 'www.campuslink.co'. You may need to add 'www.campuslink.co' to ALLOWED_HOSTS.
Bad Request: /.well-known/pki-validation/starfield.html
Not Found: /favicon.ico
Not Found: /favicon.ico
Not Found: /favicon.ico
Invalid HTTP_HOST header: 'mail.campuslink.co'. You may need to add 'mail.campuslink.co' to ALLOWED_HOSTS.
Traceback (most recent call last):
  File "/home5/campuslink/virtualenv/campus/3.11/lib/python3.11/site-packages/django/core/handlers/exception.py", line 55, in inner
    response = get_response(request)
               ^^^^^^^^^^^^^^^^^^^^^
  File "/home5/campuslink/virtualenv/campus/3.11/lib/python3.11/site-packages/django/utils/deprecation.py", line 119, in __call__
    response = self.process_request(request)
               ^^^^^^^^^^^^^^^^^^^^^^^^^^^^^
  File "/home5/campuslink/virtualenv/campus/3.11/lib/python3.11/site-packages/django/middleware/common.py", line 48, in process_request
    host = request.get_host()
           ^^^^^^^^^^^^^^^^^^
  File "/home5/campuslink/virtualenv/campus/3.11/lib/python3.11/site-packages/django/http/request.py", line 186, in get_host
    raise DisallowedHost(msg)
django.core.exceptions.DisallowedHost: Invalid HTTP_HOST header: 'mail.campuslink.co'. You may need to add 'mail.campuslink.co' to ALLOWED_HOSTS.
Bad Request: /
Invalid HTTP_HOST header: 'www.campuslink.co'. You may need to add 'www.campuslink.co' to ALLOWED_HOSTS.
Traceback (most recent call last):
  File "/home5/campuslink/virtualenv/campus/3.11/lib/python3.11/site-packages/django/core/handlers/exception.py", line 55, in inner
    response = get_response(request)
               ^^^^^^^^^^^^^^^^^^^^^
  File "/home5/campuslink/virtualenv/campus/3.11/lib/python3.11/site-packages/django/utils/deprecation.py", line 119, in __call__
    response = self.process_request(request)
               ^^^^^^^^^^^^^^^^^^^^^^^^^^^^^
  File "/home5/campuslink/virtualenv/campus/3.11/lib/python3.11/site-packages/django/middleware/common.py", line 48, in process_request
    host = request.get_host()
           ^^^^^^^^^^^^^^^^^^
  File "/home5/campuslink/virtualenv/campus/3.11/lib/python3.11/site-packages/django/http/request.py", line 186, in get_host
    raise DisallowedHost(msg)
django.core.exceptions.DisallowedHost: Invalid HTTP_HOST header: 'www.campuslink.co'. You may need to add 'www.campuslink.co' to ALLOWED_HOSTS.
Bad Request: /
Not Found: /favicon.ico
Not Found: /.well-known/pki-validation/godaddy.html
Not Found: /.well-known/pki-validation/godaddy.html
Not Found: /.well-known/pki-validation/starfield.html
Not Found: /.well-known/pki-validation/starfield.html
Invalid HTTP_HOST header: 'www.campuslink.co'. You may need to add 'www.campuslink.co' to ALLOWED_HOSTS.
Traceback (most recent call last):
  File "/home5/campuslink/virtualenv/campus/3.11/lib/python3.11/site-packages/django/core/handlers/exception.py", line 55, in inner
    response = get_response(request)
               ^^^^^^^^^^^^^^^^^^^^^
  File "/home5/campuslink/virtualenv/campus/3.11/lib/python3.11/site-packages/django/utils/deprecation.py", line 119, in __call__
    response = self.process_request(request)
               ^^^^^^^^^^^^^^^^^^^^^^^^^^^^^
  File "/home5/campuslink/virtualenv/campus/3.11/lib/python3.11/site-packages/django/middleware/common.py", line 48, in process_request
    host = request.get_host()
           ^^^^^^^^^^^^^^^^^^
  File "/home5/campuslink/virtualenv/campus/3.11/lib/python3.11/site-packages/django/http/request.py", line 186, in get_host
    raise DisallowedHost(msg)
django.core.exceptions.DisallowedHost: Invalid HTTP_HOST header: 'www.campuslink.co'. You may need to add 'www.campuslink.co' to ALLOWED_HOSTS.
Bad Request: /.well-known/pki-validation/godaddy.html
Invalid HTTP_HOST header: 'www.campuslink.co'. You may need to add 'www.campuslink.co' to ALLOWED_HOSTS.
Traceback (most recent call last):
  File "/home5/campuslink/virtualenv/campus/3.11/lib/python3.11/site-packages/django/core/handlers/exception.py", line 55, in inner
    response = get_response(request)
               ^^^^^^^^^^^^^^^^^^^^^
  File "/home5/campuslink/virtualenv/campus/3.11/lib/python3.11/site-packages/django/utils/deprecation.py", line 119, in __call__
    response = self.process_request(request)
               ^^^^^^^^^^^^^^^^^^^^^^^^^^^^^
  File "/home5/campuslink/virtualenv/campus/3.11/lib/python3.11/site-packages/django/middleware/common.py", line 48, in process_request
    host = request.get_host()
           ^^^^^^^^^^^^^^^^^^
  File "/home5/campuslink/virtualenv/campus/3.11/lib/python3.11/site-packages/django/http/request.py", line 186, in get_host
    raise DisallowedHost(msg)
django.core.exceptions.DisallowedHost: Invalid HTTP_HOST header: 'www.campuslink.co'. You may need to add 'www.campuslink.co' to ALLOWED_HOSTS.
Bad Request: /.well-known/pki-validation/godaddy.html
Invalid HTTP_HOST header: 'www.campuslink.co'. You may need to add 'www.campuslink.co' to ALLOWED_HOSTS.
Traceback (most recent call last):
  File "/home5/campuslink/virtualenv/campus/3.11/lib/python3.11/site-packages/django/core/handlers/exception.py", line 55, in inner
    response = get_response(request)
               ^^^^^^^^^^^^^^^^^^^^^
  File "/home5/campuslink/virtualenv/campus/3.11/lib/python3.11/site-packages/django/utils/deprecation.py", line 119, in __call__
    response = self.process_request(request)
               ^^^^^^^^^^^^^^^^^^^^^^^^^^^^^
  File "/home5/campuslink/virtualenv/campus/3.11/lib/python3.11/site-packages/django/middleware/common.py", line 48, in process_request
    host = request.get_host()
           ^^^^^^^^^^^^^^^^^^
  File "/home5/campuslink/virtualenv/campus/3.11/lib/python3.11/site-packages/django/http/request.py", line 186, in get_host
    raise DisallowedHost(msg)
django.core.exceptions.DisallowedHost: Invalid HTTP_HOST header: 'www.campuslink.co'. You may need to add 'www.campuslink.co' to ALLOWED_HOSTS.
Bad Request: /.well-known/pki-validation/starfield.html
Invalid HTTP_HOST header: 'www.campuslink.co'. You may need to add 'www.campuslink.co' to ALLOWED_HOSTS.
Traceback (most recent call last):
  File "/home5/campuslink/virtualenv/campus/3.11/lib/python3.11/site-packages/django/core/handlers/exception.py", line 55, in inner
    response = get_response(request)
               ^^^^^^^^^^^^^^^^^^^^^
  File "/home5/campuslink/virtualenv/campus/3.11/lib/python3.11/site-packages/django/utils/deprecation.py", line 119, in __call__
    response = self.process_request(request)
               ^^^^^^^^^^^^^^^^^^^^^^^^^^^^^
  File "/home5/campuslink/virtualenv/campus/3.11/lib/python3.11/site-packages/django/middleware/common.py", line 48, in process_request
    host = request.get_host()
           ^^^^^^^^^^^^^^^^^^
  File "/home5/campuslink/virtualenv/campus/3.11/lib/python3.11/site-packages/django/http/request.py", line 186, in get_host
    raise DisallowedHost(msg)
django.core.exceptions.DisallowedHost: Invalid HTTP_HOST header: 'www.campuslink.co'. You may need to add 'www.campuslink.co' to ALLOWED_HOSTS.
Bad Request: /.well-known/pki-validation/starfield.html
Not Found: /favicon.ico
Not Found: /favicon.ico
Not Found: /favicon.ico
Not Found: /favicon.ico
Not Found: /favicon.ico
Not Found: /ads.txt
Not Found: /app-ads.txt
Not Found: /sellers.json
Not Found: /ads.txt
Not Found: /app-ads.txt
Not Found: /sellers.json
Not Found: /robots.txt
Not Found: /robots.txt
Not Found: /favicon.ico
Invalid HTTP_HOST header: 'www.campuslink.co'. You may need to add 'www.campuslink.co' to ALLOWED_HOSTS.
Traceback (most recent call last):
  File "/home5/campuslink/virtualenv/campus/3.11/lib/python3.11/site-packages/django/core/handlers/exception.py", line 55, in inner
    response = get_response(request)
               ^^^^^^^^^^^^^^^^^^^^^
  File "/home5/campuslink/virtualenv/campus/3.11/lib/python3.11/site-packages/django/utils/deprecation.py", line 119, in __call__
    response = self.process_request(request)
               ^^^^^^^^^^^^^^^^^^^^^^^^^^^^^
  File "/home5/campuslink/virtualenv/campus/3.11/lib/python3.11/site-packages/django/middleware/common.py", line 48, in process_request
    host = request.get_host()
           ^^^^^^^^^^^^^^^^^^
  File "/home5/campuslink/virtualenv/campus/3.11/lib/python3.11/site-packages/django/http/request.py", line 186, in get_host
    raise DisallowedHost(msg)
django.core.exceptions.DisallowedHost: Invalid HTTP_HOST header: 'www.campuslink.co'. You may need to add 'www.campuslink.co' to ALLOWED_HOSTS.
Bad Request: /robots.txt
Not Found: /favicon.ico
Not Found: /favicon.png
Not Found: /robots.txt
Not Found: /index.html
Not Found: /robots.txt
Not Found: /.well-known/pki-validation/godaddy.html
Not Found: /.well-known/pki-validation/godaddy.html
Not Found: /.well-known/pki-validation/starfield.html
Not Found: /.well-known/pki-validation/starfield.html
Invalid HTTP_HOST header: 'www.campuslink.co'. You may need to add 'www.campuslink.co' to ALLOWED_HOSTS.
Traceback (most recent call last):
  File "/home5/campuslink/virtualenv/campus/3.11/lib/python3.11/site-packages/django/core/handlers/exception.py", line 55, in inner
    response = get_response(request)
               ^^^^^^^^^^^^^^^^^^^^^
  File "/home5/campuslink/virtualenv/campus/3.11/lib/python3.11/site-packages/django/utils/deprecation.py", line 119, in __call__
    response = self.process_request(request)
               ^^^^^^^^^^^^^^^^^^^^^^^^^^^^^
  File "/home5/campuslink/virtualenv/campus/3.11/lib/python3.11/site-packages/django/middleware/common.py", line 48, in process_request
    host = request.get_host()
           ^^^^^^^^^^^^^^^^^^
  File "/home5/campuslink/virtualenv/campus/3.11/lib/python3.11/site-packages/django/http/request.py", line 186, in get_host
    raise DisallowedHost(msg)
django.core.exceptions.DisallowedHost: Invalid HTTP_HOST header: 'www.campuslink.co'. You may need to add 'www.campuslink.co' to ALLOWED_HOSTS.
Bad Request: /.well-known/pki-validation/godaddy.html
Invalid HTTP_HOST header: 'www.campuslink.co'. You may need to add 'www.campuslink.co' to ALLOWED_HOSTS.
Traceback (most recent call last):
  File "/home5/campuslink/virtualenv/campus/3.11/lib/python3.11/site-packages/django/core/handlers/exception.py", line 55, in inner
    response = get_response(request)
               ^^^^^^^^^^^^^^^^^^^^^
  File "/home5/campuslink/virtualenv/campus/3.11/lib/python3.11/site-packages/django/utils/deprecation.py", line 119, in __call__
    response = self.process_request(request)
               ^^^^^^^^^^^^^^^^^^^^^^^^^^^^^
  File "/home5/campuslink/virtualenv/campus/3.11/lib/python3.11/site-packages/django/middleware/common.py", line 48, in process_request
    host = request.get_host()
           ^^^^^^^^^^^^^^^^^^
  File "/home5/campuslink/virtualenv/campus/3.11/lib/python3.11/site-packages/django/http/request.py", line 186, in get_host
    raise DisallowedHost(msg)
django.core.exceptions.DisallowedHost: Invalid HTTP_HOST header: 'www.campuslink.co'. You may need to add 'www.campuslink.co' to ALLOWED_HOSTS.
Bad Request: /.well-known/pki-validation/godaddy.html
Invalid HTTP_HOST header: 'www.campuslink.co'. You may need to add 'www.campuslink.co' to ALLOWED_HOSTS.
Traceback (most recent call last):
  File "/home5/campuslink/virtualenv/campus/3.11/lib/python3.11/site-packages/django/core/handlers/exception.py", line 55, in inner
    response = get_response(request)
               ^^^^^^^^^^^^^^^^^^^^^
  File "/home5/campuslink/virtualenv/campus/3.11/lib/python3.11/site-packages/django/utils/deprecation.py", line 119, in __call__
    response = self.process_request(request)
               ^^^^^^^^^^^^^^^^^^^^^^^^^^^^^
  File "/home5/campuslink/virtualenv/campus/3.11/lib/python3.11/site-packages/django/middleware/common.py", line 48, in process_request
    host = request.get_host()
           ^^^^^^^^^^^^^^^^^^
  File "/home5/campuslink/virtualenv/campus/3.11/lib/python3.11/site-packages/django/http/request.py", line 186, in get_host
    raise DisallowedHost(msg)
django.core.exceptions.DisallowedHost: Invalid HTTP_HOST header: 'www.campuslink.co'. You may need to add 'www.campuslink.co' to ALLOWED_HOSTS.
Bad Request: /.well-known/pki-validation/starfield.html
Invalid HTTP_HOST header: 'www.campuslink.co'. You may need to add 'www.campuslink.co' to ALLOWED_HOSTS.
Traceback (most recent call last):
  File "/home5/campuslink/virtualenv/campus/3.11/lib/python3.11/site-packages/django/core/handlers/exception.py", line 55, in inner
    response = get_response(request)
               ^^^^^^^^^^^^^^^^^^^^^
  File "/home5/campuslink/virtualenv/campus/3.11/lib/python3.11/site-packages/django/utils/deprecation.py", line 119, in __call__
    response = self.process_request(request)
               ^^^^^^^^^^^^^^^^^^^^^^^^^^^^^
  File "/home5/campuslink/virtualenv/campus/3.11/lib/python3.11/site-packages/django/middleware/common.py", line 48, in process_request
    host = request.get_host()
           ^^^^^^^^^^^^^^^^^^
  File "/home5/campuslink/virtualenv/campus/3.11/lib/python3.11/site-packages/django/http/request.py", line 186, in get_host
    raise DisallowedHost(msg)
django.core.exceptions.DisallowedHost: Invalid HTTP_HOST header: 'www.campuslink.co'. You may need to add 'www.campuslink.co' to ALLOWED_HOSTS.
Bad Request: /.well-known/pki-validation/starfield.html
Invalid HTTP_HOST header: 'www.campuslink.co'. You may need to add 'www.campuslink.co' to ALLOWED_HOSTS.
Traceback (most recent call last):
  File "/home5/campuslink/virtualenv/campus/3.11/lib/python3.11/site-packages/django/core/handlers/exception.py", line 55, in inner
    response = get_response(request)
               ^^^^^^^^^^^^^^^^^^^^^
  File "/home5/campuslink/virtualenv/campus/3.11/lib/python3.11/site-packages/django/utils/deprecation.py", line 119, in __call__
    response = self.process_request(request)
               ^^^^^^^^^^^^^^^^^^^^^^^^^^^^^
  File "/home5/campuslink/virtualenv/campus/3.11/lib/python3.11/site-packages/django/middleware/common.py", line 48, in process_request
    host = request.get_host()
           ^^^^^^^^^^^^^^^^^^
  File "/home5/campuslink/virtualenv/campus/3.11/lib/python3.11/site-packages/django/http/request.py", line 186, in get_host
    raise DisallowedHost(msg)
django.core.exceptions.DisallowedHost: Invalid HTTP_HOST header: 'www.campuslink.co'. You may need to add 'www.campuslink.co' to ALLOWED_HOSTS.
Bad Request: /
Not Found: /robots.txt
Not Found: /favicon.ico
Not Found: /favicon.ico
Invalid HTTP_HOST header: 'www.campuslink.co'. You may need to add 'www.campuslink.co' to ALLOWED_HOSTS.
Traceback (most recent call last):
  File "/home5/campuslink/virtualenv/campus/3.11/lib/python3.11/site-packages/django/core/handlers/exception.py", line 55, in inner
    response = get_response(request)
               ^^^^^^^^^^^^^^^^^^^^^
  File "/home5/campuslink/virtualenv/campus/3.11/lib/python3.11/site-packages/django/utils/deprecation.py", line 119, in __call__
    response = self.process_request(request)
               ^^^^^^^^^^^^^^^^^^^^^^^^^^^^^
  File "/home5/campuslink/virtualenv/campus/3.11/lib/python3.11/site-packages/django/middleware/common.py", line 48, in process_request
    host = request.get_host()
           ^^^^^^^^^^^^^^^^^^
  File "/home5/campuslink/virtualenv/campus/3.11/lib/python3.11/site-packages/django/http/request.py", line 186, in get_host
    raise DisallowedHost(msg)
django.core.exceptions.DisallowedHost: Invalid HTTP_HOST header: 'www.campuslink.co'. You may need to add 'www.campuslink.co' to ALLOWED_HOSTS.
Bad Request: /
Invalid HTTP_HOST header: 'www.campuslink.co'. You may need to add 'www.campuslink.co' to ALLOWED_HOSTS.
Traceback (most recent call last):
  File "/home5/campuslink/virtualenv/campus/3.11/lib/python3.11/site-packages/django/core/handlers/exception.py", line 55, in inner
    response = get_response(request)
               ^^^^^^^^^^^^^^^^^^^^^
  File "/home5/campuslink/virtualenv/campus/3.11/lib/python3.11/site-packages/django/utils/deprecation.py", line 119, in __call__
    response = self.process_request(request)
               ^^^^^^^^^^^^^^^^^^^^^^^^^^^^^
  File "/home5/campuslink/virtualenv/campus/3.11/lib/python3.11/site-packages/django/middleware/common.py", line 48, in process_request
    host = request.get_host()
           ^^^^^^^^^^^^^^^^^^
  File "/home5/campuslink/virtualenv/campus/3.11/lib/python3.11/site-packages/django/http/request.py", line 186, in get_host
    raise DisallowedHost(msg)
django.core.exceptions.DisallowedHost: Invalid HTTP_HOST header: 'www.campuslink.co'. You may need to add 'www.campuslink.co' to ALLOWED_HOSTS.
Bad Request: /
Not Found: /ads.txt
Not Found: /.well-known/pki-validation/godaddy.html
Not Found: /.well-known/pki-validation/godaddy.html
Not Found: /.well-known/pki-validation/starfield.html
Not Found: /.well-known/pki-validation/starfield.html
Invalid HTTP_HOST header: 'www.campuslink.co'. You may need to add 'www.campuslink.co' to ALLOWED_HOSTS.
Traceback (most recent call last):
  File "/home5/campuslink/virtualenv/campus/3.11/lib/python3.11/site-packages/django/core/handlers/exception.py", line 55, in inner
    response = get_response(request)
               ^^^^^^^^^^^^^^^^^^^^^
  File "/home5/campuslink/virtualenv/campus/3.11/lib/python3.11/site-packages/django/utils/deprecation.py", line 119, in __call__
    response = self.process_request(request)
               ^^^^^^^^^^^^^^^^^^^^^^^^^^^^^
  File "/home5/campuslink/virtualenv/campus/3.11/lib/python3.11/site-packages/django/middleware/common.py", line 48, in process_request
    host = request.get_host()
           ^^^^^^^^^^^^^^^^^^
  File "/home5/campuslink/virtualenv/campus/3.11/lib/python3.11/site-packages/django/http/request.py", line 186, in get_host
    raise DisallowedHost(msg)
django.core.exceptions.DisallowedHost: Invalid HTTP_HOST header: 'www.campuslink.co'. You may need to add 'www.campuslink.co' to ALLOWED_HOSTS.
Bad Request: /.well-known/pki-validation/godaddy.html
Invalid HTTP_HOST header: 'www.campuslink.co'. You may need to add 'www.campuslink.co' to ALLOWED_HOSTS.
Traceback (most recent call last):
  File "/home5/campuslink/virtualenv/campus/3.11/lib/python3.11/site-packages/django/core/handlers/exception.py", line 55, in inner
    response = get_response(request)
               ^^^^^^^^^^^^^^^^^^^^^
  File "/home5/campuslink/virtualenv/campus/3.11/lib/python3.11/site-packages/django/utils/deprecation.py", line 119, in __call__
    response = self.process_request(request)
               ^^^^^^^^^^^^^^^^^^^^^^^^^^^^^
  File "/home5/campuslink/virtualenv/campus/3.11/lib/python3.11/site-packages/django/middleware/common.py", line 48, in process_request
    host = request.get_host()
           ^^^^^^^^^^^^^^^^^^
  File "/home5/campuslink/virtualenv/campus/3.11/lib/python3.11/site-packages/django/http/request.py", line 186, in get_host
    raise DisallowedHost(msg)
django.core.exceptions.DisallowedHost: Invalid HTTP_HOST header: 'www.campuslink.co'. You may need to add 'www.campuslink.co' to ALLOWED_HOSTS.
Bad Request: /.well-known/pki-validation/godaddy.html
Invalid HTTP_HOST header: 'www.campuslink.co'. You may need to add 'www.campuslink.co' to ALLOWED_HOSTS.
Traceback (most recent call last):
  File "/home5/campuslink/virtualenv/campus/3.11/lib/python3.11/site-packages/django/core/handlers/exception.py", line 55, in inner
    response = get_response(request)
               ^^^^^^^^^^^^^^^^^^^^^
  File "/home5/campuslink/virtualenv/campus/3.11/lib/python3.11/site-packages/django/utils/deprecation.py", line 119, in __call__
    response = self.process_request(request)
               ^^^^^^^^^^^^^^^^^^^^^^^^^^^^^
  File "/home5/campuslink/virtualenv/campus/3.11/lib/python3.11/site-packages/django/middleware/common.py", line 48, in process_request
    host = request.get_host()
           ^^^^^^^^^^^^^^^^^^
  File "/home5/campuslink/virtualenv/campus/3.11/lib/python3.11/site-packages/django/http/request.py", line 186, in get_host
    raise DisallowedHost(msg)
django.core.exceptions.DisallowedHost: Invalid HTTP_HOST header: 'www.campuslink.co'. You may need to add 'www.campuslink.co' to ALLOWED_HOSTS.
Bad Request: /.well-known/pki-validation/starfield.html
Invalid HTTP_HOST header: 'www.campuslink.co'. You may need to add 'www.campuslink.co' to ALLOWED_HOSTS.
Traceback (most recent call last):
  File "/home5/campuslink/virtualenv/campus/3.11/lib/python3.11/site-packages/django/core/handlers/exception.py", line 55, in inner
    response = get_response(request)
               ^^^^^^^^^^^^^^^^^^^^^
  File "/home5/campuslink/virtualenv/campus/3.11/lib/python3.11/site-packages/django/utils/deprecation.py", line 119, in __call__
    response = self.process_request(request)
               ^^^^^^^^^^^^^^^^^^^^^^^^^^^^^
  File "/home5/campuslink/virtualenv/campus/3.11/lib/python3.11/site-packages/django/middleware/common.py", line 48, in process_request
    host = request.get_host()
           ^^^^^^^^^^^^^^^^^^
  File "/home5/campuslink/virtualenv/campus/3.11/lib/python3.11/site-packages/django/http/request.py", line 186, in get_host
    raise DisallowedHost(msg)
django.core.exceptions.DisallowedHost: Invalid HTTP_HOST header: 'www.campuslink.co'. You may need to add 'www.campuslink.co' to ALLOWED_HOSTS.
Bad Request: /.well-known/pki-validation/starfield.html
Not Found: /favicon.ico
Invalid HTTP_HOST header: 'www.campuslink.co'. You may need to add 'www.campuslink.co' to ALLOWED_HOSTS.
Traceback (most recent call last):
  File "/home5/campuslink/virtualenv/campus/3.11/lib/python3.11/site-packages/django/core/handlers/exception.py", line 55, in inner
    response = get_response(request)
               ^^^^^^^^^^^^^^^^^^^^^
  File "/home5/campuslink/virtualenv/campus/3.11/lib/python3.11/site-packages/django/utils/deprecation.py", line 119, in __call__
    response = self.process_request(request)
               ^^^^^^^^^^^^^^^^^^^^^^^^^^^^^
  File "/home5/campuslink/virtualenv/campus/3.11/lib/python3.11/site-packages/django/middleware/common.py", line 48, in process_request
    host = request.get_host()
           ^^^^^^^^^^^^^^^^^^
  File "/home5/campuslink/virtualenv/campus/3.11/lib/python3.11/site-packages/django/http/request.py", line 186, in get_host
    raise DisallowedHost(msg)
django.core.exceptions.DisallowedHost: Invalid HTTP_HOST header: 'www.campuslink.co'. You may need to add 'www.campuslink.co' to ALLOWED_HOSTS.
Bad Request: /
Invalid HTTP_HOST header: 'www.campuslink.co'. You may need to add 'www.campuslink.co' to ALLOWED_HOSTS.
Traceback (most recent call last):
  File "/home5/campuslink/virtualenv/campus/3.11/lib/python3.11/site-packages/django/core/handlers/exception.py", line 55, in inner
    response = get_response(request)
               ^^^^^^^^^^^^^^^^^^^^^
  File "/home5/campuslink/virtualenv/campus/3.11/lib/python3.11/site-packages/django/utils/deprecation.py", line 119, in __call__
    response = self.process_request(request)
               ^^^^^^^^^^^^^^^^^^^^^^^^^^^^^
  File "/home5/campuslink/virtualenv/campus/3.11/lib/python3.11/site-packages/django/middleware/common.py", line 48, in process_request
    host = request.get_host()
           ^^^^^^^^^^^^^^^^^^
  File "/home5/campuslink/virtualenv/campus/3.11/lib/python3.11/site-packages/django/http/request.py", line 186, in get_host
    raise DisallowedHost(msg)
django.core.exceptions.DisallowedHost: Invalid HTTP_HOST header: 'www.campuslink.co'. You may need to add 'www.campuslink.co' to ALLOWED_HOSTS.
Bad Request: /
Not Found: /robots.txt
Not Found: /images/documents/3600campuslink.docx
Not Found: /images/documents/9326classified.docx
Not Found: /images/documents/5606Program.pdf
Not Found: /.well-known/pki-validation/godaddy.html
Not Found: /.well-known/pki-validation/godaddy.html
Not Found: /.well-known/pki-validation/starfield.html
Not Found: /.well-known/pki-validation/starfield.html
Invalid HTTP_HOST header: 'www.campuslink.co'. You may need to add 'www.campuslink.co' to ALLOWED_HOSTS.
Traceback (most recent call last):
  File "/home5/campuslink/virtualenv/campus/3.11/lib/python3.11/site-packages/django/core/handlers/exception.py", line 55, in inner
    response = get_response(request)
               ^^^^^^^^^^^^^^^^^^^^^
  File "/home5/campuslink/virtualenv/campus/3.11/lib/python3.11/site-packages/django/utils/deprecation.py", line 119, in __call__
    response = self.process_request(request)
               ^^^^^^^^^^^^^^^^^^^^^^^^^^^^^
  File "/home5/campuslink/virtualenv/campus/3.11/lib/python3.11/site-packages/django/middleware/common.py", line 48, in process_request
    host = request.get_host()
           ^^^^^^^^^^^^^^^^^^
  File "/home5/campuslink/virtualenv/campus/3.11/lib/python3.11/site-packages/django/http/request.py", line 186, in get_host
    raise DisallowedHost(msg)
django.core.exceptions.DisallowedHost: Invalid HTTP_HOST header: 'www.campuslink.co'. You may need to add 'www.campuslink.co' to ALLOWED_HOSTS.
Bad Request: /.well-known/pki-validation/godaddy.html
Invalid HTTP_HOST header: 'www.campuslink.co'. You may need to add 'www.campuslink.co' to ALLOWED_HOSTS.
Traceback (most recent call last):
  File "/home5/campuslink/virtualenv/campus/3.11/lib/python3.11/site-packages/django/core/handlers/exception.py", line 55, in inner
    response = get_response(request)
               ^^^^^^^^^^^^^^^^^^^^^
  File "/home5/campuslink/virtualenv/campus/3.11/lib/python3.11/site-packages/django/utils/deprecation.py", line 119, in __call__
    response = self.process_request(request)
               ^^^^^^^^^^^^^^^^^^^^^^^^^^^^^
  File "/home5/campuslink/virtualenv/campus/3.11/lib/python3.11/site-packages/django/middleware/common.py", line 48, in process_request
    host = request.get_host()
           ^^^^^^^^^^^^^^^^^^
  File "/home5/campuslink/virtualenv/campus/3.11/lib/python3.11/site-packages/django/http/request.py", line 186, in get_host
    raise DisallowedHost(msg)
django.core.exceptions.DisallowedHost: Invalid HTTP_HOST header: 'www.campuslink.co'. You may need to add 'www.campuslink.co' to ALLOWED_HOSTS.
Bad Request: /.well-known/pki-validation/godaddy.html
Invalid HTTP_HOST header: 'www.campuslink.co'. You may need to add 'www.campuslink.co' to ALLOWED_HOSTS.
Traceback (most recent call last):
  File "/home5/campuslink/virtualenv/campus/3.11/lib/python3.11/site-packages/django/core/handlers/exception.py", line 55, in inner
    response = get_response(request)
               ^^^^^^^^^^^^^^^^^^^^^
  File "/home5/campuslink/virtualenv/campus/3.11/lib/python3.11/site-packages/django/utils/deprecation.py", line 119, in __call__
    response = self.process_request(request)
               ^^^^^^^^^^^^^^^^^^^^^^^^^^^^^
  File "/home5/campuslink/virtualenv/campus/3.11/lib/python3.11/site-packages/django/middleware/common.py", line 48, in process_request
    host = request.get_host()
           ^^^^^^^^^^^^^^^^^^
  File "/home5/campuslink/virtualenv/campus/3.11/lib/python3.11/site-packages/django/http/request.py", line 186, in get_host
    raise DisallowedHost(msg)
django.core.exceptions.DisallowedHost: Invalid HTTP_HOST header: 'www.campuslink.co'. You may need to add 'www.campuslink.co' to ALLOWED_HOSTS.
Bad Request: /.well-known/pki-validation/starfield.html
Invalid HTTP_HOST header: 'www.campuslink.co'. You may need to add 'www.campuslink.co' to ALLOWED_HOSTS.
Traceback (most recent call last):
  File "/home5/campuslink/virtualenv/campus/3.11/lib/python3.11/site-packages/django/core/handlers/exception.py", line 55, in inner
    response = get_response(request)
               ^^^^^^^^^^^^^^^^^^^^^
  File "/home5/campuslink/virtualenv/campus/3.11/lib/python3.11/site-packages/django/utils/deprecation.py", line 119, in __call__
    response = self.process_request(request)
               ^^^^^^^^^^^^^^^^^^^^^^^^^^^^^
  File "/home5/campuslink/virtualenv/campus/3.11/lib/python3.11/site-packages/django/middleware/common.py", line 48, in process_request
    host = request.get_host()
           ^^^^^^^^^^^^^^^^^^
  File "/home5/campuslink/virtualenv/campus/3.11/lib/python3.11/site-packages/django/http/request.py", line 186, in get_host
    raise DisallowedHost(msg)
django.core.exceptions.DisallowedHost: Invalid HTTP_HOST header: 'www.campuslink.co'. You may need to add 'www.campuslink.co' to ALLOWED_HOSTS.
Bad Request: /.well-known/pki-validation/starfield.html
Not Found: /favicon.ico
Invalid HTTP_HOST header: 'www.campuslink.co'. You may need to add 'www.campuslink.co' to ALLOWED_HOSTS.
Traceback (most recent call last):
  File "/home5/campuslink/virtualenv/campus/3.11/lib/python3.11/site-packages/django/core/handlers/exception.py", line 55, in inner
    response = get_response(request)
               ^^^^^^^^^^^^^^^^^^^^^
  File "/home5/campuslink/virtualenv/campus/3.11/lib/python3.11/site-packages/django/utils/deprecation.py", line 119, in __call__
    response = self.process_request(request)
               ^^^^^^^^^^^^^^^^^^^^^^^^^^^^^
  File "/home5/campuslink/virtualenv/campus/3.11/lib/python3.11/site-packages/django/middleware/common.py", line 48, in process_request
    host = request.get_host()
           ^^^^^^^^^^^^^^^^^^
  File "/home5/campuslink/virtualenv/campus/3.11/lib/python3.11/site-packages/django/http/request.py", line 186, in get_host
    raise DisallowedHost(msg)
django.core.exceptions.DisallowedHost: Invalid HTTP_HOST header: 'www.campuslink.co'. You may need to add 'www.campuslink.co' to ALLOWED_HOSTS.
Bad Request: /robots.txt
Not Found: /index.html
Not Found: /favicon.ico
